<?xml version="1.0" encoding="UTF-8"?>
<!-- Generated by org.testng.reporters.JUnitReportReporter -->
<testsuite hostname="Ashok" failures="0" tests="1" name="com.actitime.testscripts.DemoTest" time="8.369" errors="0" timestamp="2022-04-01T12:18:18 IST" skipped="0">
  <testcase classname="com.actitime.testscripts.DemoTest" name="demo" time="8.369"/>
  <system-out/>
</testsuite> <!-- com.actitime.testscripts.DemoTest -->
