<?xml version="1.0" encoding="UTF-8"?>
<!-- Generated by org.testng.reporters.JUnitReportReporter -->
<testsuite hostname="Ashok" failures="0" tests="2" name="com.actitime.testscripts.UserPageTest" time="26.754" errors="0" timestamp="2022-04-04T11:25:54 IST" skipped="0">
  <testcase classname="com.actitime.testscripts.UserPageTest" name="createUserList" time="14.568"/>
  <system-out/>
  <testcase classname="com.actitime.testscripts.UserPageTest" name="verifyUserPage" time="12.186"/>
  <system-out/>
</testsuite> <!-- com.actitime.testscripts.UserPageTest -->
