<?xml version="1.0" encoding="UTF-8"?>
<!-- Generated by org.testng.reporters.JUnitReportReporter -->
<testsuite hostname="Ashok" failures="0" tests="1" name="com.actitime.timetrack.TimeTrackUserTest" time="7.946" errors="0" timestamp="2022-03-19T10:57:35 IST" skipped="0">
  <testcase classname="com.actitime.timetrack.TimeTrackUserTest" name="clickUserTest" time="7.946"/>
  <system-out>
    <![CDATA[Time Track page is Displayed, PASS
User list page is Displayed, PASS]]>
  </system-out>
</testsuite> <!-- com.actitime.timetrack.TimeTrackUserTest -->
