<?xml version="1.0" encoding="UTF-8"?>
<!-- Generated by org.testng.reporters.JUnitReportReporter -->
<testsuite hostname="Ashok" failures="0" tests="1" name="loginPageTest.LoginPageTest" time="3.830" errors="0" timestamp="2022-03-29T11:26:53 IST" skipped="0">
  <testcase classname="loginPageTest.LoginPageTest" name="login" time="3.830"/>
  <system-out>
    <![CDATA[Time Track page is Displayed, PASS]]>
  </system-out>
</testsuite> <!-- loginPageTest.LoginPageTest -->
