<?xml version="1.0" encoding="UTF-8"?>
<!-- Generated by org.testng.reporters.JUnitReportReporter -->
<testsuite hostname="Ashok" failures="0" tests="1" name="com.actitime.users.CreateNewUserTest" time="7.299" errors="0" timestamp="2022-03-21T19:31:17 IST" skipped="0">
  <testcase classname="com.actitime.users.CreateNewUserTest" name="CreateUser" time="7.299"/>
  <system-out>
    <![CDATA[Time Track page is Displayed, PASS
User list page is Displayed, PASS]]>
  </system-out>
</testsuite> <!-- com.actitime.users.CreateNewUserTest -->
