<?xml version="1.0" encoding="UTF-8"?>
<!-- Generated by org.testng.reporters.JUnitReportReporter -->
<testsuite hostname="Ashok" failures="0" tests="1" name="loginPage.LoginPageTest" time="0.013" errors="0" timestamp="2022-03-18T12:38:30 IST" skipped="0">
  <testcase classname="loginPage.LoginPageTest" name="login" time="0.013"/>
  <system-out/>
</testsuite> <!-- loginPage.LoginPageTest -->
