<?xml version="1.0" encoding="UTF-8"?>
<!-- Generated by org.testng.reporters.JUnitReportReporter -->
<testsuite hostname="Ashok" failures="0" tests="2" name="com.actitime.testscripts.LoginPageTest" time="17.373" errors="0" timestamp="2022-04-04T11:25:54 IST" skipped="0">
  <testcase classname="com.actitime.testscripts.LoginPageTest" name="loginTest" time="12.039"/>
  <system-out/>
  <testcase classname="com.actitime.testscripts.LoginPageTest" name="verifyLoginPageTitle" time="5.334"/>
  <system-out/>
</testsuite> <!-- com.actitime.testscripts.LoginPageTest -->
