<?xml version="1.0" encoding="UTF-8"?>
<!-- Generated by org.testng.reporters.JUnitReportReporter -->
<testsuite hostname="Ashok" failures="0" tests="2" name="com.actitime.testscripts.LoginPageTest" time="15.347" errors="0" timestamp="2022-04-04T14:41:24 IST" skipped="0">
  <testcase classname="com.actitime.testscripts.LoginPageTest" name="loginTest" time="10.000"/>
  <system-out/>
  <testcase classname="com.actitime.testscripts.LoginPageTest" name="verifyLoginPageTitle" time="5.347"/>
  <system-out/>
</testsuite> <!-- com.actitime.testscripts.LoginPageTest -->
