<?xml version="1.0" encoding="UTF-8"?>
<!-- Generated by org.testng.reporters.JUnitReportReporter -->
<testsuite hostname="Ashok" failures="0" tests="2" name="com.actitime.testscripts.UserPageTest" time="30.590" errors="0" timestamp="2022-04-04T14:41:24 IST" skipped="0">
  <testcase classname="com.actitime.testscripts.UserPageTest" name="createUserList" time="16.952"/>
  <system-out/>
  <testcase classname="com.actitime.testscripts.UserPageTest" name="verifyUserPage" time="13.638"/>
  <system-out/>
</testsuite> <!-- com.actitime.testscripts.UserPageTest -->
